2025-04-14 10:09:35 [background-preinit] INFO  o.h.validator.internal.util.Version - HV000001: Hibernate Validator 8.0.2.Final
2025-04-14 10:09:35 [main] INFO  c.m.B.BookingServiceApplication - Starting BookingServiceApplication using Java 23.0.2 with PID 7528 (C:\Users\HP\Documents\Capgemini\CG-Project\Microservices\bookingService\target\classes started by HP in C:\Users\HP\Documents\Capgemini\CG-Project\Microservices)
2025-04-14 10:09:35 [main] INFO  c.m.B.BookingServiceApplication - No active profile set, falling back to 1 default profile: "default"
2025-04-14 10:09:36 [main] INFO  o.s.d.r.c.RepositoryConfigurationDelegate - Bootstrapping Spring Data JPA repositories in DEFAULT mode.
2025-04-14 10:09:36 [main] INFO  o.s.d.r.c.RepositoryConfigurationDelegate - Finished Spring Data repository scanning in 130 ms. Found 1 JPA repository interface.
2025-04-14 10:09:36 [main] INFO  o.s.i.c.DefaultConfiguringBeanFactoryPostProcessor - No bean named 'errorChannel' has been explicitly defined. Therefore, a default PublishSubscribeChannel will be created.
2025-04-14 10:09:36 [main] INFO  o.s.i.c.DefaultConfiguringBeanFactoryPostProcessor - No bean named 'integrationHeaderChannelRegistry' has been explicitly defined. Therefore, a default DefaultHeaderChannelRegistry will be created.
2025-04-14 10:09:37 [main] INFO  o.s.cloud.context.scope.GenericScope - BeanFactory id=220641ce-273f-3784-b3f0-8ded90589f5f
2025-04-14 10:09:37 [main] INFO  o.s.b.w.e.tomcat.TomcatWebServer - Tomcat initialized with port 8083 (http)
2025-04-14 10:09:37 [main] INFO  o.a.coyote.http11.Http11NioProtocol - Initializing ProtocolHandler ["http-nio-8083"]
2025-04-14 10:09:37 [main] INFO  o.a.catalina.core.StandardService - Starting service [Tomcat]
2025-04-14 10:09:37 [main] INFO  o.a.catalina.core.StandardEngine - Starting Servlet engine: [Apache Tomcat/10.1.36]
2025-04-14 10:09:37 [main] INFO  o.a.c.c.C.[Tomcat].[localhost].[/] - Initializing Spring embedded WebApplicationContext
2025-04-14 10:09:37 [main] INFO  o.s.b.w.s.c.ServletWebServerApplicationContext - Root WebApplicationContext: initialization completed in 2204 ms
2025-04-14 10:09:37 [main] INFO  o.h.jpa.internal.util.LogHelper - HHH000204: Processing PersistenceUnitInfo [name: default]
2025-04-14 10:09:37 [main] INFO  org.hibernate.Version - HHH000412: Hibernate ORM core version 6.6.8.Final
2025-04-14 10:09:37 [main] INFO  o.h.c.i.RegionFactoryInitiator - HHH000026: Second-level cache disabled
2025-04-14 10:09:38 [main] INFO  o.s.o.j.p.SpringPersistenceUnitInfo - No LoadTimeWeaver setup: ignoring JPA class transformer
2025-04-14 10:09:38 [main] INFO  com.zaxxer.hikari.HikariDataSource - HikariPool-1 - Starting...
2025-04-14 10:09:38 [main] INFO  com.zaxxer.hikari.pool.HikariPool - HikariPool-1 - Added connection com.mysql.cj.jdbc.ConnectionImpl@1e295f7f
2025-04-14 10:09:38 [main] INFO  com.zaxxer.hikari.HikariDataSource - HikariPool-1 - Start completed.
2025-04-14 10:09:38 [main] WARN  org.hibernate.orm.deprecation - HHH90000025: MySQL8Dialect does not need to be specified explicitly using 'hibernate.dialect' (remove the property setting and it will be selected by default)
2025-04-14 10:09:38 [main] WARN  org.hibernate.orm.deprecation - HHH90000026: MySQL8Dialect has been deprecated; use org.hibernate.dialect.MySQLDialect instead
2025-04-14 10:09:38 [main] INFO  o.hibernate.orm.connections.pooling - HHH10001005: Database info:
	Database JDBC URL [Connecting through datasource 'HikariDataSource (HikariPool-1)']
	Database driver: undefined/unknown
	Database version: 8.0
	Autocommit mode: undefined/unknown
	Isolation level: undefined/unknown
	Minimum pool size: undefined/unknown
	Maximum pool size: undefined/unknown
2025-04-14 10:09:39 [main] INFO  o.h.e.t.j.p.i.JtaPlatformInitiator - HHH000489: No JTA platform available (set 'hibernate.transaction.jta.platform' to enable JTA platform integration)
2025-04-14 10:09:39 [main] INFO  o.s.o.j.LocalContainerEntityManagerFactoryBean - Initialized JPA EntityManagerFactory for persistence unit 'default'
2025-04-14 10:09:39 [main] INFO  o.s.b.f.a.AutowiredAnnotationBeanPostProcessor - Autowired annotation is not supported on static fields: private static org.slf4j.Logger com.microservice.BookingService.service.BookingService.logger
2025-04-14 10:09:40 [main] WARN  o.s.b.a.o.j.JpaBaseConfiguration$JpaWebConfiguration - spring.jpa.open-in-view is enabled by default. Therefore, database queries may be performed during view rendering. Explicitly configure spring.jpa.open-in-view to disable this warning
2025-04-14 10:09:40 [main] INFO  o.s.c.n.e.c.DiscoveryClientOptionalArgsConfiguration - Eureka HTTP Client uses RestTemplate.
2025-04-14 10:09:40 [main] WARN  o.s.c.l.c.LoadBalancerCacheAutoConfiguration$LoadBalancerCaffeineWarnLogger - Spring Cloud LoadBalancer is currently working with the default cache. While this cache implementation is useful for development and tests, it's recommended to use Caffeine cache in production.You can switch to using Caffeine cache, by adding it and org.springframework.cache.caffeine.CaffeineCacheManager to the classpath.
2025-04-14 10:09:40 [main] INFO  o.s.i.endpoint.EventDrivenConsumer - Adding {logging-channel-adapter:_org.springframework.integration.errorLogger} as a subscriber to the 'errorChannel' channel
2025-04-14 10:09:40 [main] INFO  o.s.i.c.PublishSubscribeChannel - Channel 'BOOKINGSERVICE.errorChannel' has 1 subscriber(s).
2025-04-14 10:09:40 [main] INFO  o.s.i.endpoint.EventDrivenConsumer - started bean '_org.springframework.integration.errorLogger'
2025-04-14 10:09:41 [main] INFO  o.s.c.n.eureka.InstanceInfoFactory - Setting initial instance status as: STARTING
2025-04-14 10:09:41 [main] INFO  c.netflix.discovery.DiscoveryClient - Initializing Eureka in region us-east-1
2025-04-14 10:09:41 [main] INFO  c.n.d.s.r.aws.ConfigClusterResolver - Resolving eureka endpoints via configuration
2025-04-14 10:09:41 [main] INFO  c.netflix.discovery.DiscoveryClient - Disable delta property : false
2025-04-14 10:09:41 [main] INFO  c.netflix.discovery.DiscoveryClient - Single vip registry refresh property : null
2025-04-14 10:09:41 [main] INFO  c.netflix.discovery.DiscoveryClient - Force full registry fetch : false
2025-04-14 10:09:41 [main] INFO  c.netflix.discovery.DiscoveryClient - Application is null : false
2025-04-14 10:09:41 [main] INFO  c.netflix.discovery.DiscoveryClient - Registered Applications size is zero : true
2025-04-14 10:09:41 [main] INFO  c.netflix.discovery.DiscoveryClient - Application version is -1: true
2025-04-14 10:09:41 [main] INFO  c.netflix.discovery.DiscoveryClient - Getting all instance registry info from the eureka server
2025-04-14 10:09:41 [main] INFO  c.netflix.discovery.DiscoveryClient - The response status is 200
2025-04-14 10:09:41 [main] INFO  c.netflix.discovery.DiscoveryClient - Starting heartbeat executor: renew interval is: 30
2025-04-14 10:09:41 [main] INFO  c.n.discovery.InstanceInfoReplicator - InstanceInfoReplicator onDemand update allowed rate per min is 4
2025-04-14 10:09:41 [main] INFO  c.netflix.discovery.DiscoveryClient - Discovery Client initialized at timestamp 1744605581370 with initial instances count: 8
2025-04-14 10:09:41 [main] INFO  o.s.c.n.e.s.EurekaServiceRegistry - Registering application BOOKINGSERVICE with eureka with status UP
2025-04-14 10:09:41 [main] INFO  c.netflix.discovery.DiscoveryClient - Saw local status change event StatusChangeEvent [timestamp=1744605581374, current=UP, previous=STARTING]
2025-04-14 10:09:41 [main] INFO  o.a.coyote.http11.Http11NioProtocol - Starting ProtocolHandler ["http-nio-8083"]
2025-04-14 10:09:41 [DiscoveryClient-InstanceInfoReplicator-%d] INFO  c.netflix.discovery.DiscoveryClient - DiscoveryClient_BOOKINGSERVICE/Laptop-VinayJadaun:BOOKINGSERVICE:8083: registering service...
2025-04-14 10:09:41 [main] INFO  o.s.b.w.e.tomcat.TomcatWebServer - Tomcat started on port 8083 (http) with context path '/'
2025-04-14 10:09:41 [main] INFO  o.s.c.n.e.s.EurekaAutoServiceRegistration - Updating port to 8083
2025-04-14 10:09:41 [main] INFO  c.m.B.BookingServiceApplication - Started BookingServiceApplication in 6.559 seconds (process running for 7.513)
2025-04-14 10:09:41 [DiscoveryClient-InstanceInfoReplicator-%d] INFO  c.netflix.discovery.DiscoveryClient - DiscoveryClient_BOOKINGSERVICE/Laptop-VinayJadaun:BOOKINGSERVICE:8083 - registration status: 204
2025-04-14 10:10:24 [http-nio-8083-exec-1] INFO  o.a.c.c.C.[Tomcat].[localhost].[/] - Initializing Spring DispatcherServlet 'dispatcherServlet'
2025-04-14 10:10:24 [http-nio-8083-exec-1] INFO  o.s.web.servlet.DispatcherServlet - Initializing Servlet 'dispatcherServlet'
2025-04-14 10:10:24 [http-nio-8083-exec-1] INFO  o.s.web.servlet.DispatcherServlet - Completed initialization in 1 ms
2025-04-14 10:10:24 [http-nio-8083-exec-1] INFO  c.m.B.service.BookingService - ADMIN CALLED GET ALL BOOKING FUNCTION...SUCCESS
2025-04-14 10:10:24 [http-nio-8083-exec-2] INFO  c.m.B.service.BookingService - ADMIN CALLED GET ALL BOOKING FUNCTION...SUCCESS
2025-04-14 10:13:01 [SpringApplicationShutdownHook] INFO  o.s.c.n.e.s.EurekaServiceRegistry - Unregistering application BOOKINGSERVICE with eureka with status DOWN
2025-04-14 10:13:01 [SpringApplicationShutdownHook] INFO  c.netflix.discovery.DiscoveryClient - Saw local status change event StatusChangeEvent [timestamp=1744605781377, current=DOWN, previous=UP]
2025-04-14 10:13:01 [DiscoveryClient-InstanceInfoReplicator-%d] INFO  c.netflix.discovery.DiscoveryClient - DiscoveryClient_BOOKINGSERVICE/Laptop-VinayJadaun:BOOKINGSERVICE:8083: registering service...
2025-04-14 10:13:01 [SpringApplicationShutdownHook] INFO  o.s.b.w.e.tomcat.GracefulShutdown - Commencing graceful shutdown. Waiting for active requests to complete
2025-04-14 10:13:01 [DiscoveryClient-InstanceInfoReplicator-%d] INFO  c.netflix.discovery.DiscoveryClient - DiscoveryClient_BOOKINGSERVICE/Laptop-VinayJadaun:BOOKINGSERVICE:8083 - registration status: 204
2025-04-14 10:13:01 [tomcat-shutdown] INFO  o.s.b.w.e.tomcat.GracefulShutdown - Graceful shutdown complete
2025-04-14 10:13:01 [SpringApplicationShutdownHook] INFO  o.s.i.endpoint.EventDrivenConsumer - Removing {logging-channel-adapter:_org.springframework.integration.errorLogger} as a subscriber to the 'errorChannel' channel
2025-04-14 10:13:01 [SpringApplicationShutdownHook] INFO  o.s.i.c.PublishSubscribeChannel - Channel 'BOOKINGSERVICE.errorChannel' has 0 subscriber(s).
2025-04-14 10:13:01 [SpringApplicationShutdownHook] INFO  o.s.i.endpoint.EventDrivenConsumer - stopped bean '_org.springframework.integration.errorLogger'
2025-04-14 10:13:01 [SpringApplicationShutdownHook] INFO  o.s.o.j.LocalContainerEntityManagerFactoryBean - Closing JPA EntityManagerFactory for persistence unit 'default'
2025-04-14 10:13:01 [SpringApplicationShutdownHook] INFO  com.zaxxer.hikari.HikariDataSource - HikariPool-1 - Shutdown initiated...
2025-04-14 10:13:01 [SpringApplicationShutdownHook] INFO  com.zaxxer.hikari.HikariDataSource - HikariPool-1 - Shutdown completed.
2025-04-14 10:13:01 [SpringApplicationShutdownHook] INFO  c.netflix.discovery.DiscoveryClient - Shutting down DiscoveryClient ...
2025-04-14 10:13:04 [SpringApplicationShutdownHook] INFO  c.netflix.discovery.DiscoveryClient - Unregistering ...
2025-04-14 10:13:04 [SpringApplicationShutdownHook] INFO  c.netflix.discovery.DiscoveryClient - DiscoveryClient_BOOKINGSERVICE/Laptop-VinayJadaun:BOOKINGSERVICE:8083 - deregister  status: 200
2025-04-14 10:13:04 [SpringApplicationShutdownHook] INFO  c.netflix.discovery.DiscoveryClient - Completed shut down of DiscoveryClient
2025-04-14 10:13:06 [background-preinit] INFO  o.h.validator.internal.util.Version - HV000001: Hibernate Validator 8.0.2.Final
2025-04-14 10:13:07 [main] INFO  c.m.B.BookingServiceApplication - Starting BookingServiceApplication using Java 23.0.2 with PID 9324 (C:\Users\HP\Documents\Capgemini\CG-Project\Microservices\bookingService\target\classes started by HP in C:\Users\HP\Documents\Capgemini\CG-Project\Microservices)
2025-04-14 10:13:07 [main] INFO  c.m.B.BookingServiceApplication - No active profile set, falling back to 1 default profile: "default"
2025-04-14 10:13:08 [main] INFO  o.s.d.r.c.RepositoryConfigurationDelegate - Bootstrapping Spring Data JPA repositories in DEFAULT mode.
2025-04-14 10:13:08 [main] INFO  o.s.d.r.c.RepositoryConfigurationDelegate - Finished Spring Data repository scanning in 129 ms. Found 1 JPA repository interface.
2025-04-14 10:13:08 [main] INFO  o.s.i.c.DefaultConfiguringBeanFactoryPostProcessor - No bean named 'errorChannel' has been explicitly defined. Therefore, a default PublishSubscribeChannel will be created.
2025-04-14 10:13:08 [main] INFO  o.s.i.c.DefaultConfiguringBeanFactoryPostProcessor - No bean named 'integrationHeaderChannelRegistry' has been explicitly defined. Therefore, a default DefaultHeaderChannelRegistry will be created.
2025-04-14 10:13:08 [main] INFO  o.s.cloud.context.scope.GenericScope - BeanFactory id=220641ce-273f-3784-b3f0-8ded90589f5f
2025-04-14 10:13:09 [main] INFO  o.s.b.w.e.tomcat.TomcatWebServer - Tomcat initialized with port 8083 (http)
2025-04-14 10:13:09 [main] INFO  o.a.coyote.http11.Http11NioProtocol - Initializing ProtocolHandler ["http-nio-8083"]
2025-04-14 10:13:09 [main] INFO  o.a.catalina.core.StandardService - Starting service [Tomcat]
2025-04-14 10:13:09 [main] INFO  o.a.catalina.core.StandardEngine - Starting Servlet engine: [Apache Tomcat/10.1.36]
2025-04-14 10:13:09 [main] INFO  o.a.c.c.C.[Tomcat].[localhost].[/] - Initializing Spring embedded WebApplicationContext
2025-04-14 10:13:09 [main] INFO  o.s.b.w.s.c.ServletWebServerApplicationContext - Root WebApplicationContext: initialization completed in 2158 ms
2025-04-14 10:13:09 [main] INFO  o.h.jpa.internal.util.LogHelper - HHH000204: Processing PersistenceUnitInfo [name: default]
2025-04-14 10:13:09 [main] INFO  org.hibernate.Version - HHH000412: Hibernate ORM core version 6.6.8.Final
2025-04-14 10:13:09 [main] INFO  o.h.c.i.RegionFactoryInitiator - HHH000026: Second-level cache disabled
2025-04-14 10:13:09 [main] INFO  o.s.o.j.p.SpringPersistenceUnitInfo - No LoadTimeWeaver setup: ignoring JPA class transformer
2025-04-14 10:13:09 [main] INFO  com.zaxxer.hikari.HikariDataSource - HikariPool-1 - Starting...
2025-04-14 10:13:10 [main] INFO  com.zaxxer.hikari.pool.HikariPool - HikariPool-1 - Added connection com.mysql.cj.jdbc.ConnectionImpl@3c6fc4cd
2025-04-14 10:13:10 [main] INFO  com.zaxxer.hikari.HikariDataSource - HikariPool-1 - Start completed.
2025-04-14 10:13:10 [main] WARN  org.hibernate.orm.deprecation - HHH90000025: MySQL8Dialect does not need to be specified explicitly using 'hibernate.dialect' (remove the property setting and it will be selected by default)
2025-04-14 10:13:10 [main] WARN  org.hibernate.orm.deprecation - HHH90000026: MySQL8Dialect has been deprecated; use org.hibernate.dialect.MySQLDialect instead
2025-04-14 10:13:10 [main] INFO  o.hibernate.orm.connections.pooling - HHH10001005: Database info:
	Database JDBC URL [Connecting through datasource 'HikariDataSource (HikariPool-1)']
	Database driver: undefined/unknown
	Database version: 8.0
	Autocommit mode: undefined/unknown
	Isolation level: undefined/unknown
	Minimum pool size: undefined/unknown
	Maximum pool size: undefined/unknown
2025-04-14 10:13:11 [main] INFO  o.h.e.t.j.p.i.JtaPlatformInitiator - HHH000489: No JTA platform available (set 'hibernate.transaction.jta.platform' to enable JTA platform integration)
2025-04-14 10:13:11 [main] INFO  o.s.o.j.LocalContainerEntityManagerFactoryBean - Initialized JPA EntityManagerFactory for persistence unit 'default'
2025-04-14 10:13:11 [main] INFO  o.s.b.f.a.AutowiredAnnotationBeanPostProcessor - Autowired annotation is not supported on static fields: private static org.slf4j.Logger com.microservice.BookingService.service.BookingService.logger
2025-04-14 10:13:11 [main] WARN  o.s.b.a.o.j.JpaBaseConfiguration$JpaWebConfiguration - spring.jpa.open-in-view is enabled by default. Therefore, database queries may be performed during view rendering. Explicitly configure spring.jpa.open-in-view to disable this warning
2025-04-14 10:13:12 [main] INFO  o.s.c.n.e.c.DiscoveryClientOptionalArgsConfiguration - Eureka HTTP Client uses RestTemplate.
2025-04-14 10:13:12 [main] WARN  o.s.c.l.c.LoadBalancerCacheAutoConfiguration$LoadBalancerCaffeineWarnLogger - Spring Cloud LoadBalancer is currently working with the default cache. While this cache implementation is useful for development and tests, it's recommended to use Caffeine cache in production.You can switch to using Caffeine cache, by adding it and org.springframework.cache.caffeine.CaffeineCacheManager to the classpath.
2025-04-14 10:13:12 [main] INFO  o.s.i.endpoint.EventDrivenConsumer - Adding {logging-channel-adapter:_org.springframework.integration.errorLogger} as a subscriber to the 'errorChannel' channel
2025-04-14 10:13:12 [main] INFO  o.s.i.c.PublishSubscribeChannel - Channel 'BOOKINGSERVICE.errorChannel' has 1 subscriber(s).
2025-04-14 10:13:12 [main] INFO  o.s.i.endpoint.EventDrivenConsumer - started bean '_org.springframework.integration.errorLogger'
2025-04-14 10:13:12 [main] INFO  o.s.c.n.eureka.InstanceInfoFactory - Setting initial instance status as: STARTING
2025-04-14 10:13:12 [main] INFO  c.netflix.discovery.DiscoveryClient - Initializing Eureka in region us-east-1
2025-04-14 10:13:12 [main] INFO  c.n.d.s.r.aws.ConfigClusterResolver - Resolving eureka endpoints via configuration
2025-04-14 10:13:12 [main] INFO  c.netflix.discovery.DiscoveryClient - Disable delta property : false
2025-04-14 10:13:12 [main] INFO  c.netflix.discovery.DiscoveryClient - Single vip registry refresh property : null
2025-04-14 10:13:12 [main] INFO  c.netflix.discovery.DiscoveryClient - Force full registry fetch : false
2025-04-14 10:13:12 [main] INFO  c.netflix.discovery.DiscoveryClient - Application is null : false
2025-04-14 10:13:12 [main] INFO  c.netflix.discovery.DiscoveryClient - Registered Applications size is zero : true
2025-04-14 10:13:12 [main] INFO  c.netflix.discovery.DiscoveryClient - Application version is -1: true
2025-04-14 10:13:12 [main] INFO  c.netflix.discovery.DiscoveryClient - Getting all instance registry info from the eureka server
2025-04-14 10:13:12 [main] INFO  c.netflix.discovery.DiscoveryClient - The response status is 200
2025-04-14 10:13:12 [main] INFO  c.netflix.discovery.DiscoveryClient - Starting heartbeat executor: renew interval is: 30
2025-04-14 10:13:12 [main] INFO  c.n.discovery.InstanceInfoReplicator - InstanceInfoReplicator onDemand update allowed rate per min is 4
2025-04-14 10:13:12 [main] INFO  c.netflix.discovery.DiscoveryClient - Discovery Client initialized at timestamp 1744605792926 with initial instances count: 8
2025-04-14 10:13:12 [main] INFO  o.s.c.n.e.s.EurekaServiceRegistry - Registering application BOOKINGSERVICE with eureka with status UP
2025-04-14 10:13:12 [main] INFO  c.netflix.discovery.DiscoveryClient - Saw local status change event StatusChangeEvent [timestamp=1744605792930, current=UP, previous=STARTING]
2025-04-14 10:13:12 [main] INFO  o.a.coyote.http11.Http11NioProtocol - Starting ProtocolHandler ["http-nio-8083"]
2025-04-14 10:13:12 [DiscoveryClient-InstanceInfoReplicator-%d] INFO  c.netflix.discovery.DiscoveryClient - DiscoveryClient_BOOKINGSERVICE/Laptop-VinayJadaun:BOOKINGSERVICE:8083: registering service...
2025-04-14 10:13:12 [main] INFO  o.s.b.w.e.tomcat.TomcatWebServer - Tomcat started on port 8083 (http) with context path '/'
2025-04-14 10:13:12 [main] INFO  o.s.c.n.e.s.EurekaAutoServiceRegistration - Updating port to 8083
2025-04-14 10:13:12 [DiscoveryClient-InstanceInfoReplicator-%d] INFO  c.netflix.discovery.DiscoveryClient - DiscoveryClient_BOOKINGSERVICE/Laptop-VinayJadaun:BOOKINGSERVICE:8083 - registration status: 204
2025-04-14 10:13:13 [main] INFO  c.m.B.BookingServiceApplication - Started BookingServiceApplication in 6.426 seconds (process running for 7.409)
2025-04-14 10:16:02 [SpringApplicationShutdownHook] INFO  o.s.c.n.e.s.EurekaServiceRegistry - Unregistering application BOOKINGSERVICE with eureka with status DOWN
2025-04-14 10:16:02 [SpringApplicationShutdownHook] INFO  c.netflix.discovery.DiscoveryClient - Saw local status change event StatusChangeEvent [timestamp=1744605962392, current=DOWN, previous=UP]
2025-04-14 10:16:02 [DiscoveryClient-InstanceInfoReplicator-%d] INFO  c.netflix.discovery.DiscoveryClient - DiscoveryClient_BOOKINGSERVICE/Laptop-VinayJadaun:BOOKINGSERVICE:8083: registering service...
2025-04-14 10:16:02 [SpringApplicationShutdownHook] INFO  o.s.b.w.e.tomcat.GracefulShutdown - Commencing graceful shutdown. Waiting for active requests to complete
2025-04-14 10:16:02 [DiscoveryClient-InstanceInfoReplicator-%d] INFO  c.netflix.discovery.DiscoveryClient - DiscoveryClient_BOOKINGSERVICE/Laptop-VinayJadaun:BOOKINGSERVICE:8083 - registration status: 204
2025-04-14 10:16:02 [tomcat-shutdown] INFO  o.s.b.w.e.tomcat.GracefulShutdown - Graceful shutdown complete
2025-04-14 10:16:02 [SpringApplicationShutdownHook] INFO  o.s.i.endpoint.EventDrivenConsumer - Removing {logging-channel-adapter:_org.springframework.integration.errorLogger} as a subscriber to the 'errorChannel' channel
2025-04-14 10:16:02 [SpringApplicationShutdownHook] INFO  o.s.i.c.PublishSubscribeChannel - Channel 'BOOKINGSERVICE.errorChannel' has 0 subscriber(s).
2025-04-14 10:16:02 [SpringApplicationShutdownHook] INFO  o.s.i.endpoint.EventDrivenConsumer - stopped bean '_org.springframework.integration.errorLogger'
2025-04-14 10:16:02 [SpringApplicationShutdownHook] INFO  o.s.o.j.LocalContainerEntityManagerFactoryBean - Closing JPA EntityManagerFactory for persistence unit 'default'
2025-04-14 10:16:02 [SpringApplicationShutdownHook] INFO  com.zaxxer.hikari.HikariDataSource - HikariPool-1 - Shutdown initiated...
2025-04-14 10:16:02 [SpringApplicationShutdownHook] INFO  com.zaxxer.hikari.HikariDataSource - HikariPool-1 - Shutdown completed.
2025-04-14 10:16:02 [SpringApplicationShutdownHook] INFO  c.netflix.discovery.DiscoveryClient - Shutting down DiscoveryClient ...
2025-04-14 10:16:05 [SpringApplicationShutdownHook] INFO  c.netflix.discovery.DiscoveryClient - Unregistering ...
2025-04-14 10:16:05 [SpringApplicationShutdownHook] INFO  c.netflix.discovery.DiscoveryClient - DiscoveryClient_BOOKINGSERVICE/Laptop-VinayJadaun:BOOKINGSERVICE:8083 - deregister  status: 200
2025-04-14 10:16:05 [SpringApplicationShutdownHook] INFO  c.netflix.discovery.DiscoveryClient - Completed shut down of DiscoveryClient
